<?xml version="1.0" encoding="UTF-8"?>
<testng-results ignored="0" total="0" passed="0" failed="0" skipped="0">
  <reporter-output>
  </reporter-output>
  <suite started-at="2022-07-04T14:02:41 CDT" name="testRunners.MenuManagementTest" finished-at="2022-07-04T14:02:41 CDT" duration-ms="5">
    <groups>
    </groups>
    <test started-at="2022-07-04T14:02:41 CDT" name="Command line test" finished-at="2022-07-04T14:02:41 CDT" duration-ms="5">
    </test> <!-- Command line test -->
  </suite> <!-- testRunners.MenuManagementTest -->
</testng-results>
