<?xml version="1.0" encoding="UTF-8"?>
<testng-results ignored="0" total="1" passed="1" failed="0" skipped="0">
  <reporter-output>
  </reporter-output>
  <suite started-at="2022-05-18T11:23:32 CDT" name="tests.Tests" finished-at="2022-05-18T11:23:58 CDT" duration-ms="26123">
    <groups>
    </groups>
    <test started-at="2022-05-18T11:23:32 CDT" name="Command line test" finished-at="2022-05-18T11:23:58 CDT" duration-ms="26123">
      <class name="tests.Tests">
        <test-method is-config="true" signature="setUp()[pri:0, instance:tests.Tests@ba8d91c]" started-at="2022-05-18T11:23:32 CDT" name="setUp" finished-at="2022-05-18T11:23:41 CDT" duration-ms="8742" status="PASS">
          <reporter-output>
          </reporter-output>
        </test-method> <!-- setUp -->
        <test-method signature="pruebaCuatro()[pri:0, instance:tests.Tests@ba8d91c]" started-at="2022-05-18T11:23:41 CDT" name="pruebaCuatro" finished-at="2022-05-18T11:23:58 CDT" duration-ms="17234" status="PASS">
          <reporter-output>
          </reporter-output>
        </test-method> <!-- pruebaCuatro -->
        <test-method is-config="true" signature="tearDown()[pri:0, instance:tests.Tests@ba8d91c]" started-at="2022-05-18T11:23:58 CDT" name="tearDown" finished-at="2022-05-18T11:23:58 CDT" duration-ms="119" status="PASS">
          <reporter-output>
          </reporter-output>
        </test-method> <!-- tearDown -->
      </class> <!-- tests.Tests -->
    </test> <!-- Command line test -->
  </suite> <!-- tests.Tests -->
</testng-results>
